<?xml version="1.0" encoding="UTF-8"?>
<!-- Generated by org.testng.reporters.JUnitReportReporter -->
<testsuite hostname="Vivek-PC" name="testNg.FBSignUp" tests="1" failures="0" timestamp="28 Feb 2018 02:19:59 GMT" time="0.175" errors="0">
  <testcase name="EnterDetails" time="0.175" classname="testNg.FBSignUp"/>
</testsuite> <!-- testNg.FBSignUp -->
