<?xml version="1.0" encoding="UTF-8"?>
<!-- Generated by org.testng.reporters.JUnitReportReporter -->
<testsuite hostname="Vivek-PC" name="testNg.SpicejetSearch" tests="1" failures="0" timestamp="28 Feb 2018 02:59:35 GMT" time="19.980" errors="0">
  <testcase name="BookFlight" time="19.980" classname="testNg.SpicejetSearch"/>
</testsuite> <!-- testNg.SpicejetSearch -->
