<?xml version="1.0" encoding="UTF-8"?>
<!-- Generated by org.testng.reporters.JUnitReportReporter -->
<testsuite hostname="Vivek-PC" name="testNg.Kundali" tests="2" failures="0" timestamp="1 Mar 2018 01:39:37 GMT" time="9.506" errors="0">
  <testcase name="Girl" time="4.744" classname="testNg.Kundali"/>
  <testcase name="Boy" time="4.762" classname="testNg.Kundali"/>
</testsuite> <!-- testNg.Kundali -->
