<?xml version="1.0" encoding="UTF-8"?>
<!-- Generated by org.testng.reporters.JUnitReportReporter -->
<testsuite hostname="Vivek-PC" name="testNg.SampleTest" tests="1" failures="0" timestamp="26 Feb 2018 01:24:11 GMT" time="6.975" errors="0">
  <testcase name="test" time="6.975" classname="testNg.SampleTest"/>
</testsuite> <!-- testNg.SampleTest -->
