<?xml version="1.0" encoding="UTF-8"?>
<!-- Generated by org.testng.reporters.JUnitReportReporter -->
<testsuite hostname="Vivek-PC" name="sikuli_test.PageTest" tests="1" failures="0" timestamp="5 Mar 2018 00:48:35 GMT" time="12.133" errors="0">
  <testcase name="sikuli" time="12.133" classname="sikuli_test.PageTest"/>
</testsuite> <!-- sikuli_test.PageTest -->
